<?xml version="1.0" encoding="UTF-8"?>
<testng-results ignored="0" total="1" passed="1" failed="0" skipped="0">
  <reporter-output>
  </reporter-output>
  <suite started-at="2024-04-24T18:03:04 IST" name="Default suite" finished-at="2024-04-24T18:03:05 IST" duration-ms="1249">
    <groups>
      <group name="cucumber">
        <method signature="AbstractTestNGCucumberTests.runScenario(io.cucumber.testng.PickleWrapper,io.cucumber.testng.FeatureWrapper)[pri:0, instance:Runner.Runcukes@265adfad]" name="runScenario" class="io.cucumber.testng.AbstractTestNGCucumberTests"/>
      </group> <!-- cucumber -->
    </groups>
    <test started-at="2024-04-24T18:03:04 IST" name="Default test" finished-at="2024-04-24T18:03:05 IST" duration-ms="1249">
      <class name="Runner.Runcukes">
        <test-method is-config="true" signature="setUpClass(org.testng.ITestContext)[pri:0, instance:Runner.Runcukes@265adfad]" started-at="2024-04-24T18:03:04 IST" name="setUpClass" finished-at="2024-04-24T18:03:04 IST" duration-ms="583" status="PASS">
          <params>
            <param index="0">
              <value>
                <![CDATA[org.testng.TestRunner@51e37590]]>
              </value>
            </param>
          </params>
          <reporter-output>
          </reporter-output>
        </test-method> <!-- setUpClass -->
        <test-method signature="runScenario(io.cucumber.testng.PickleWrapper,io.cucumber.testng.FeatureWrapper)[pri:0, instance:Runner.Runcukes@265adfad]" started-at="2024-04-24T18:03:04 IST" name="runScenario" description="Runs Cucumber Scenarios" data-provider="scenarios" finished-at="2024-04-24T18:03:05 IST" duration-ms="557" status="PASS">
          <params>
            <param index="0">
              <value>
                <![CDATA["Login to the facebook account as a user"]]>
              </value>
            </param>
            <param index="1">
              <value>
                <![CDATA["Login feature"]]>
              </value>
            </param>
          </params>
          <reporter-output>
          </reporter-output>
        </test-method> <!-- runScenario -->
        <test-method is-config="true" signature="tearDownClass()[pri:0, instance:Runner.Runcukes@265adfad]" started-at="2024-04-24T18:03:05 IST" name="tearDownClass" finished-at="2024-04-24T18:03:05 IST" duration-ms="15" status="PASS">
          <reporter-output>
          </reporter-output>
        </test-method> <!-- tearDownClass -->
      </class> <!-- Runner.Runcukes -->
    </test> <!-- Default test -->
  </suite> <!-- Default suite -->
</testng-results>
